==16357== Memcheck, a memory error detector
==16357== Copyright (C) 2002-2017, and GNU GPL'd, by Julian Seward et al.
==16357== Using Valgrind-3.18.1 and LibVEX; rerun with -h for copyright info
==16357== Command: bin/push_swap 9 8 7 6 10 5 4 3 2 1 0
==16357== Parent PID: 7361
==16357== 
==16357== Conditional jump or move depends on uninitialised value(s)
==16357==    at 0x1097D2: ft_lstadd_back (in /home/al/42/push_swap/bin/push_swap)
==16357==    by 0x109251: fill_stack_a (main.c:23)
==16357==    by 0x10969C: main (main.c:151)
==16357== 
==16357== Conditional jump or move depends on uninitialised value(s)
==16357==    at 0x109D13: radix_one_position (radix.c:52)
==16357==    by 0x109D88: radix_all_positions (radix.c:65)
==16357==    by 0x1096A8: main (main.c:153)
==16357== 
==16357== Conditional jump or move depends on uninitialised value(s)
==16357==    at 0x109852: ft_lstclear (in /home/al/42/push_swap/bin/push_swap)
==16357==    by 0x1096DC: main (main.c:158)
==16357== 
==16357== 
==16357== HEAP SUMMARY:
==16357==     in use at exit: 0 bytes in 0 blocks
==16357==   total heap usage: 12 allocs, 12 frees, 220 bytes allocated
==16357== 
==16357== All heap blocks were freed -- no leaks are possible
==16357== 
==16357== Use --track-origins=yes to see where uninitialised values come from
==16357== For lists of detected and suppressed errors, rerun with: -s
==16357== ERROR SUMMARY: 6 errors from 3 contexts (suppressed: 0 from 0)
